{"timestamp": "2025-08-21T12:53:26.79994Z", "type": "deploy_started", "details": {"deployId": "dep-d2jhdh0gjchc73d05bd0", "trigger": {"clearCache": true, "deployedByRender": false, "envUpdated": false, "firstBuild": false, "manual": true, "rollback": false, "user": {"email": "veronika.karpyza@gmail.com", "id": "usr-d2j44jqli9vc73eun7h0"}}}}
{"timestamp": "2025-08-21T12:53:48.373364Z", "type": "build_ended", "details": {"buildId": "bld-d2jhdh0gjchc73d05bkg", "buildStatus": "succeeded", "reason": {}, "status": 2}}
{"timestamp": "2025-08-21T12:53:57.20164Z", "type": "deploy_ended", "details": {"deployId": "dep-d2jhdh0gjchc73d05bd0", "deployStatus": "succeeded", "reason": {}, "status": 2}}
{"timestamp": "2025-08-21T12:55:28.89945Z", "type": "server_restarted", "details": {"triggeredByUser": "usr-d2j44jqli9vc73eun7h0"}}
{"timestamp": "2025-08-21T12:55:39.427113Z", "type": "build_started", "details": {"buildId": "bld-d2jheifdiees73c89icg", "trigger": {"clearCache": true, "deployedByRender": false, "envUpdated": false, "firstBuild": false, "manual": true, "rollback": false, "user": {"email": "veronika.karpyza@gmail.com", "id": "usr-d2j44jqli9vc73eun7h0"}}}}
{"timestamp": "2025-08-21T12:55:39.758654Z", "type": "deploy_started", "details": {"deployId": "dep-d2jheifdiees73c89ic0", "trigger": {"clearCache": true, "deployedByRender": false, "envUpdated": false, "firstBuild": false, "manual": true, "rollback": false, "user": {"email": "veronika.karpyza@gmail.com", "id": "usr-d2j44jqli9vc73eun7h0"}}}}
{"timestamp": "2025-08-21T12:56:03.19775Z", "type": "build_ended", "details": {"buildId": "bld-d2jheifdiees73c89icg", "buildStatus": "succeeded", "reason": {}, "status": 2}}
{"timestamp": "2025-08-21T12:56:14.260896Z", "type": "deploy_ended", "details": {"deployId": "dep-d2jheifdiees73c89ic0", "deployStatus": "succeeded", "reason": {}, "status": 2}}
{"timestamp": "2025-08-21T13:00:10.18816Z", "type": "build_started", "details": {"buildId": "bld-d2jhgmbuibrs73dl1dp0", "trigger": {"clearCache": true, "deployedByRender": false, "envUpdated": false, "firstBuild": false, "manual": true, "rollback": false, "user": {"email": "veronika.karpyza@gmail.com", "id": "usr-d2j44jqli9vc73eun7h0"}}}}
{"timestamp": "2025-08-21T13:00:10.656002Z", "type": "deploy_started", "details": {"deployId": "dep-d2jhgmbuibrs73dl1dog", "trigger": {"clearCache": true, "deployedByRender": false, "envUpdated": false, "firstBuild": false, "manual": true, "rollback": false, "user": {"email": "veronika.karpyza@gmail.com", "id": "usr-d2j44jqli9vc73eun7h0"}}}}
{"timestamp": "2025-08-21T13:01:05.833125Z", "type": "build_ended", "details": {"buildId": "bld-d2jhgmbuibrs73dl1dp0", "buildStatus": "succeeded", "reason": {}, "status": 2}}
{"timestamp": "2025-08-21T13:01:14.613787Z", "type": "deploy_ended", "details": {"deployId": "dep-d2jhgmbuibrs73dl1dog", "deployStatus": "succeeded", "reason": {}, "status": 2}}
{"timestamp": "2025-08-21T13:09:33.505332Z", "type": "server_restarted", "details": {"triggeredByUser": "usr-d2j44jqli9vc73eun7h0"}}
{"timestamp": "2025-08-21T13:09:53.306938Z", "type": "build_started", "details": {"buildId": "bld-d2jhl80gjchc73d0f820", "trigger": {"clearCache": true, "deployedByRender": false, "envUpdated": false, "firstBuild": false, "manual": true, "rollback": false, "user": {"email": "veronika.karpyza@gmail.com", "id": "usr-d2j44jqli9vc73eun7h0"}}}}
{"timestamp": "2025-08-21T13:09:53.430896Z", "type": "deploy_started", "details": {"deployId": "dep-d2jhl80gjchc73d0f81g", "trigger": {"clearCache": true, "deployedByRender": false, "envUpdated": false, "firstBuild": false, "manual": true, "rollback": false, "user": {"email": "veronika.karpyza@gmail.com", "id": "usr-d2j44jqli9vc73eun7h0"}}}}
{"timestamp": "2025-08-21T13:10:25.420773Z", "type": "build_ended", "details": {"buildId": "bld-d2jhl80gjchc73d0f820", "buildStatus": "succeeded", "reason": {}, "status": 2}}
{"timestamp": "2025-08-21T13:10:33.737285Z", "type": "deploy_ended", "details": {"deployId": "dep-d2jhl80gjchc73d0f81g", "deployStatus": "succeeded", "reason": {}, "status": 2}}
{"timestamp": "2025-08-21T13:16:18.691133Z", "type": "build_started", "details": {"buildId": "bld-d2jho8f5r7bs73etaggg", "trigger": {"clearCache": true, "deployedByRender": false, "envUpdated": false, "firstBuild": false, "manual": true, "rollback": false, "user": {"email": "veronika.karpyza@gmail.com", "id": "usr-d2j44jqli9vc73eun7h0"}}}}
{"timestamp": "2025-08-21T13:16:18.885604Z", "type": "deploy_started", "details": {"deployId": "dep-d2jho8f5r7bs73etagg0", "trigger": {"clearCache": true, "deployedByRender": false, "envUpdated": false, "firstBuild": false, "manual": true, "rollback": false, "user": {"email": "veronika.karpyza@gmail.com", "id": "usr-d2j44jqli9vc73eun7h0"}}}}
{"timestamp": "2025-08-21T13:16:42.164869Z", "type": "build_ended", "details": {"buildId": "bld-d2jho8f5r7bs73etaggg", "buildStatus": "succeeded", "reason": {}, "status": 2}}
{"timestamp": "2025-08-21T13:16:52.4292Z", "type": "deploy_ended", "details": {"deployId": "dep-d2jho8f5r7bs73etagg0", "deployStatus": "succeeded", "reason": {}, "status": 2}}
{"timestamp": "2025-08-21T13:19:01.021902Z", "type": "build_started", "details": {"buildId": "bld-d2jhpgruibrs73dlb61g", "trigger": {"clearCache": true, "deployedByRender": false, "envUpdated": false, "firstBuild": false, "manual": true, "rollback": false, "user": {"email": "veronika.karpyza@gmail.com", "id": "usr-d2j44jqli9vc73eun7h0"}}}}
{"timestamp": "2025-08-21T13:19:01.295026Z", "type": "deploy_started", "details": {"deployId": "dep-d2jhpgruibrs73dlb610", "trigger": {"clearCache": true, "deployedByRender": false, "envUpdated": false, "firstBuild": false, "manual": true, "rollback": false, "user": {"email": "veronika.karpyza@gmail.com", "id": "usr-d2j44jqli9vc73eun7h0"}}}}
{"timestamp": "2025-08-21T13:19:23.376342Z", "type": "build_ended", "details": {"buildId": "bld-d2jhpgruibrs73dlb61g", "buildStatus": "succeeded", "reason": {}, "status": 2}}
{"timestamp": "2025-08-21T13:19:33.033317Z", "type": "deploy_ended", "details": {"deployId": "dep-d2jhpgruibrs73dlb610", "deployStatus": "succeeded", "reason": {}, "status": 2}}
{"timestamp": "2025-08-21T13:28:51.248429Z", "type": "build_started", "details": {"buildId": "bld-d2jhu4ggjchc73d0q4l0", "trigger": {"clearCache": true, "deployedByRender": false, "envUpdated": false, "firstBuild": false, "manual": true, "rollback": false, "user": {"email": "veronika.karpyza@gmail.com", "id": "usr-d2j44jqli9vc73eun7h0"}}}}
{"timestamp": "2025-08-21T13:28:51.901924Z", "type": "deploy_started", "details": {"deployId": "dep-d2jhu4ggjchc73d0q4kg", "trigger": {"clearCache": true, "deployedByRender": false, "envUpdated": false, "firstBuild": false, "manual": true, "rollback": false, "user": {"email": "veronika.karpyza@gmail.com", "id": "usr-d2j44jqli9vc73eun7h0"}}}}
{"timestamp": "2025-08-21T13:31:07.499818Z", "type": "build_ended", "details": {"buildId": "bld-d2jhu4ggjchc73d0q4l0", "buildStatus": "succeeded", "reason": {}, "status": 2}}
{"timestamp": "2025-08-21T13:31:17.139533Z", "type": "deploy_ended", "details": {"deployId": "dep-d2jhu4ggjchc73d0q4kg", "deployStatus": "succeeded", "reason": {}, "status": 2}}
{"timestamp": "2025-08-21T13:46:03.210024Z", "type": "server_restarted", "details": {"triggeredByUser": "usr-d2j44jqli9vc73eun7h0"}}
{"timestamp": "2025-08-21T13:46:09.550754Z", "type": "build_started", "details": {"buildId": "bld-d2ji67vdiees73c96be0", "trigger": {"clearCache": true, "deployedByRender": false, "envUpdated": false, "firstBuild": false, "manual": true, "rollback": false, "user": {"email": "veronika.karpyza@gmail.com", "id": "usr-d2j44jqli9vc73eun7h0"}}}}
{"timestamp": "2025-08-21T13:46:09.687615Z", "type": "deploy_started", "details": {"deployId": "dep-d2ji67vdiees73c96bdg", "trigger": {"clearCache": true, "deployedByRender": false, "envUpdated": false, "firstBuild": false, "manual": true, "rollback": false, "user": {"email": "veronika.karpyza@gmail.com", "id": "usr-d2j44jqli9vc73eun7h0"}}}}
{"timestamp": "2025-08-21T13:46:33.075515Z", "type": "build_ended", "details": {"buildId": "bld-d2ji67vdiees73c96be0", "buildStatus": "succeeded", "reason": {}, "status": 2}}
{"timestamp": "2025-08-21T13:46:41.888144Z", "type": "deploy_ended", "details": {"deployId": "dep-d2ji67vdiees73c96bdg", "deployStatus": "succeeded", "reason": {}, "status": 2}}
{"timestamp": "2025-08-21T13:53:34.068503Z", "type": "build_started", "details": {"buildId": "bld-d2ji9n3uibrs73dlu5n0", "trigger": {"clearCache": true, "deployedByRender": false, "envUpdated": false, "firstBuild": false, "manual": true, "rollback": false, "user": {"email": "veronika.karpyza@gmail.com", "id": "usr-d2j44jqli9vc73eun7h0"}}}}
{"timestamp": "2025-08-21T13:53:34.390285Z", "type": "deploy_started", "details": {"deployId": "dep-d2ji9n3uibrs73dlu5mg", "trigger": {"clearCache": true, "deployedByRender": false, "envUpdated": false, "firstBuild": false, "manual": true, "rollback": false, "user": {"email": "veronika.karpyza@gmail.com", "id": "usr-d2j44jqli9vc73eun7h0"}}}}
{"timestamp": "2025-08-21T13:53:58.484168Z", "type": "build_ended", "details": {"buildId": "bld-d2ji9n3uibrs73dlu5n0", "buildStatus": "succeeded", "reason": {}, "status": 2}}
{"timestamp": "2025-08-21T13:54:09.05658Z", "type": "deploy_ended", "details": {"deployId": "dep-d2ji9n3uibrs73dlu5mg", "deployStatus": "succeeded", "reason": {}, "status": 2}}
{"timestamp": "2025-08-21T22:41:00.677722Z", "type": "build_started", "details": {"buildId": "bld-d2jq0uumcj7s739h4140", "trigger": {"clearCache": false, "deployedByRender": false, "envUpdated": false, "firstBuild": false, "manual": false, "rollback": false}}}
{"timestamp": "2025-08-21T22:41:00.844498Z", "type": "deploy_started", "details": {"deployId": "dep-d2jq0uumcj7s739h413g", "trigger": {"clearCache": false, "deployedByRender": false, "envUpdated": false, "firstBuild": false, "manual": false, "rollback": false}}}
{"timestamp": "2025-08-21T22:41:28.183011Z", "type": "build_ended", "details": {"buildId": "bld-d2jq0uumcj7s739h4140", "buildStatus": "succeeded", "reason": {}, "status": 2}}
{"timestamp": "2025-08-21T22:41:36.633775Z", "type": "deploy_ended", "details": {"deployId": "dep-d2jq0uumcj7s739h413g", "deployStatus": "succeeded", "reason": {}, "status": 2}}
{"timestamp": "2025-08-21T22:57:12.526572Z", "type": "build_started", "details": {"buildId": "bld-d2jq8hre5dus738egn0g", "trigger": {"clearCache": false, "deployedByRender": false, "envUpdated": false, "firstBuild": false, "manual": false, "rollback": false}}}
{"timestamp": "2025-08-21T22:57:12.662279Z", "type": "deploy_started", "details": {"deployId": "dep-d2jq8hre5dus738egn00", "trigger": {"clearCache": false, "deployedByRender": false, "envUpdated": false, "firstBuild": false, "manual": false, "rollback": false}}}
{"timestamp": "2025-08-21T22:58:07.356381Z", "type": "build_ended", "details": {"buildId": "bld-d2jq8hre5dus738egn0g", "buildStatus": "succeeded", "reason": {}, "status": 2}}
{"timestamp": "2025-08-21T22:58:16.368244Z", "type": "deploy_ended", "details": {"deployId": "dep-d2jq8hre5dus738egn00", "deployStatus": "succeeded", "reason": {}, "status": 2}}
{"timestamp": "2025-08-21T22:58:17.336841Z", "type": "build_started", "details": {"buildId": "bld-d2jq8vd1krjc73cni74g", "trigger": {"clearCache": false, "deployedByRender": false, "envUpdated": false, "firstBuild": false, "manual": false, "rollback": false}}}
{"timestamp": "2025-08-21T22:58:17.496367Z", "type": "deploy_started", "details": {"deployId": "dep-d2jq8v9u749s73a3antg", "trigger": {"clearCache": false, "deployedByRender": false, "envUpdated": false, "firstBuild": false, "manual": false, "rollback": false}}}
{"timestamp": "2025-08-21T22:58:49.364553Z", "type": "build_ended", "details": {"buildId": "bld-d2jq8vd1krjc73cni74g", "buildStatus": "succeeded", "reason": {}, "status": 2}}
{"timestamp": "2025-08-21T22:59:01.276119Z", "type": "deploy_ended", "details": {"deployId": "dep-d2jq8v9u749s73a3antg", "deployStatus": "succeeded", "reason": {}, "status": 2}}
{"timestamp": "2025-08-21T12:53:26.646444Z", "type": "build_started", "details": {"buildId": "bld-d2jhdh0gjchc73d05bkg", "trigger": {"clearCache": true, "deployedByRender": false, "envUpdated": false, "firstBuild": false, "manual": true, "rollback": false, "user": {"email": "veronika.karpyza@gmail.com", "id": "usr-d2j44jqli9vc73eun7h0"}}}}
{"timestamp": "2025-08-21T12:53:26.79994Z", "type": "deploy_started", "details": {"deployId": "dep-d2jhdh0gjchc73d05bd0", "trigger": {"clearCache": true, "deployedByRender": false, "envUpdated": false, "firstBuild": false, "manual": true, "rollback": false, "user": {"email": "veronika.karpyza@gmail.com", "id": "usr-d2j44jqli9vc73eun7h0"}}}}
{"timestamp": "2025-08-21T12:53:48.373364Z", "type": "build_ended", "details": {"buildId": "bld-d2jhdh0gjchc73d05bkg", "buildStatus": "succeeded", "reason": {}, "status": 2}}
{"timestamp": "2025-08-21T12:53:57.20164Z", "type": "deploy_ended", "details": {"deployId": "dep-d2jhdh0gjchc73d05bd0", "deployStatus": "succeeded", "reason": {}, "status": 2}}
{"timestamp": "2025-08-21T12:55:28.89945Z", "type": "server_restarted", "details": {"triggeredByUser": "usr-d2j44jqli9vc73eun7h0"}}
{"timestamp": "2025-08-21T12:55:39.427113Z", "type": "build_started", "details": {"buildId": "bld-d2jheifdiees73c89icg", "trigger": {"clearCache": true, "deployedByRender": false, "envUpdated": false, "firstBuild": false, "manual": true, "rollback": false, "user": {"email": "veronika.karpyza@gmail.com", "id": "usr-d2j44jqli9vc73eun7h0"}}}}
{"timestamp": "2025-08-21T12:55:39.758654Z", "type": "deploy_started", "details": {"deployId": "dep-d2jheifdiees73c89ic0", "trigger": {"clearCache": true, "deployedByRender": false, "envUpdated": false, "firstBuild": false, "manual": true, "rollback": false, "user": {"email": "veronika.karpyza@gmail.com", "id": "usr-d2j44jqli9vc73eun7h0"}}}}
{"timestamp": "2025-08-21T12:56:03.19775Z", "type": "build_ended", "details": {"buildId": "bld-d2jheifdiees73c89icg", "buildStatus": "succeeded", "reason": {}, "status": 2}}
{"timestamp": "2025-08-21T12:56:14.260896Z", "type": "deploy_ended", "details": {"deployId": "dep-d2jheifdiees73c89ic0", "deployStatus": "succeeded", "reason": {}, "status": 2}}
{"timestamp": "2025-08-21T13:00:10.18816Z", "type": "build_started", "details": {"buildId": "bld-d2jhgmbuibrs73dl1dp0", "trigger": {"clearCache": true, "deployedByRender": false, "envUpdated": false, "firstBuild": false, "manual": true, "rollback": false, "user": {"email": "veronika.karpyza@gmail.com", "id": "usr-d2j44jqli9vc73eun7h0"}}}}
{"timestamp": "2025-08-21T13:00:10.656002Z", "type": "deploy_started", "details": {"deployId": "dep-d2jhgmbuibrs73dl1dog", "trigger": {"clearCache": true, "deployedByRender": false, "envUpdated": false, "firstBuild": false, "manual": true, "rollback": false, "user": {"email": "veronika.karpyza@gmail.com", "id": "usr-d2j44jqli9vc73eun7h0"}}}}
{"timestamp": "2025-08-21T13:01:05.833125Z", "type": "build_ended", "details": {"buildId": "bld-d2jhgmbuibrs73dl1dp0", "buildStatus": "succeeded", "reason": {}, "status": 2}}
{"timestamp": "2025-08-21T13:01:14.613787Z", "type": "deploy_ended", "details": {"deployId": "dep-d2jhgmbuibrs73dl1dog", "deployStatus": "succeeded", "reason": {}, "status": 2}}
{"timestamp": "2025-08-21T13:09:33.505332Z", "type": "server_restarted", "details": {"triggeredByUser": "usr-d2j44jqli9vc73eun7h0"}}
{"timestamp": "2025-08-21T13:09:53.306938Z", "type": "build_started", "details": {"buildId": "bld-d2jhl80gjchc73d0f820", "trigger": {"clearCache": true, "deployedByRender": false, "envUpdated": false, "firstBuild": false, "manual": true, "rollback": false, "user": {"email": "veronika.karpyza@gmail.com", "id": "usr-d2j44jqli9vc73eun7h0"}}}}
{"timestamp": "2025-08-21T13:09:53.430896Z", "type": "deploy_started", "details": {"deployId": "dep-d2jhl80gjchc73d0f81g", "trigger": {"clearCache": true, "deployedByRender": false, "envUpdated": false, "firstBuild": false, "manual": true, "rollback": false, "user": {"email": "veronika.karpyza@gmail.com", "id": "usr-d2j44jqli9vc73eun7h0"}}}}
{"timestamp": "2025-08-21T13:10:25.420773Z", "type": "build_ended", "details": {"buildId": "bld-d2jhl80gjchc73d0f820", "buildStatus": "succeeded", "reason": {}, "status": 2}}
{"timestamp": "2025-08-21T13:10:33.737285Z", "type": "deploy_ended", "details": {"deployId": "dep-d2jhl80gjchc73d0f81g", "deployStatus": "succeeded", "reason": {}, "status": 2}}
{"timestamp": "2025-08-21T13:16:18.691133Z", "type": "build_started", "details": {"buildId": "bld-d2jho8f5r7bs73etaggg", "trigger": {"clearCache": true, "deployedByRender": false, "envUpdated": false, "firstBuild": false, "manual": true, "rollback": false, "user": {"email": "veronika.karpyza@gmail.com", "id": "usr-d2j44jqli9vc73eun7h0"}}}}
{"timestamp": "2025-08-21T13:16:18.885604Z", "type": "deploy_started", "details": {"deployId": "dep-d2jho8f5r7bs73etagg0", "trigger": {"clearCache": true, "deployedByRender": false, "envUpdated": false, "firstBuild": false, "manual": true, "rollback": false, "user": {"email": "veronika.karpyza@gmail.com", "id": "usr-d2j44jqli9vc73eun7h0"}}}}
{"timestamp": "2025-08-21T13:16:42.164869Z", "type": "build_ended", "details": {"buildId": "bld-d2jho8f5r7bs73etaggg", "buildStatus": "succeeded", "reason": {}, "status": 2}}
{"timestamp": "2025-08-21T13:16:52.4292Z", "type": "deploy_ended", "details": {"deployId": "dep-d2jho8f5r7bs73etagg0", "deployStatus": "succeeded", "reason": {}, "status": 2}}
{"timestamp": "2025-08-21T13:19:01.021902Z", "type": "build_started", "details": {"buildId": "bld-d2jhpgruibrs73dlb61g", "trigger": {"clearCache": true, "deployedByRender": false, "envUpdated": false, "firstBuild": false, "manual": true, "rollback": false, "user": {"email": "veronika.karpyza@gmail.com", "id": "usr-d2j44jqli9vc73eun7h0"}}}}
{"timestamp": "2025-08-21T13:19:01.295026Z", "type": "deploy_started", "details": {"deployId": "dep-d2jhpgruibrs73dlb610", "trigger": {"clearCache": true, "deployedByRender": false, "envUpdated": false, "firstBuild": false, "manual": true, "rollback": false, "user": {"email": "veronika.karpyza@gmail.com", "id": "usr-d2j44jqli9vc73eun7h0"}}}}
{"timestamp": "2025-08-21T13:19:23.376342Z", "type": "build_ended", "details": {"buildId": "bld-d2jhpgruibrs73dlb61g", "buildStatus": "succeeded", "reason": {}, "status": 2}}
{"timestamp": "2025-08-21T13:19:33.033317Z", "type": "deploy_ended", "details": {"deployId": "dep-d2jhpgruibrs73dlb610", "deployStatus": "succeeded", "reason": {}, "status": 2}}
{"timestamp": "2025-08-21T13:28:51.248429Z", "type": "build_started", "details": {"buildId": "bld-d2jhu4ggjchc73d0q4l0", "trigger": {"clearCache": true, "deployedByRender": false, "envUpdated": false, "firstBuild": false, "manual": true, "rollback": false, "user": {"email": "veronika.karpyza@gmail.com", "id": "usr-d2j44jqli9vc73eun7h0"}}}}
{"timestamp": "2025-08-21T13:28:51.901924Z", "type": "deploy_started", "details": {"deployId": "dep-d2jhu4ggjchc73d0q4kg", "trigger": {"clearCache": true, "deployedByRender": false, "envUpdated": false, "firstBuild": false, "manual": true, "rollback": false, "user": {"email": "veronika.karpyza@gmail.com", "id": "usr-d2j44jqli9vc73eun7h0"}}}}
{"timestamp": "2025-08-21T13:31:07.499818Z", "type": "build_ended", "details": {"buildId": "bld-d2jhu4ggjchc73d0q4l0", "buildStatus": "succeeded", "reason": {}, "status": 2}}
{"timestamp": "2025-08-21T13:31:17.139533Z", "type": "deploy_ended", "details": {"deployId": "dep-d2jhu4ggjchc73d0q4kg", "deployStatus": "succeeded", "reason": {}, "status": 2}}
{"timestamp": "2025-08-21T13:46:03.210024Z", "type": "server_restarted", "details": {"triggeredByUser": "usr-d2j44jqli9vc73eun7h0"}}
{"timestamp": "2025-08-21T13:46:09.550754Z", "type": "build_started", "details": {"buildId": "bld-d2ji67vdiees73c96be0", "trigger": {"clearCache": true, "deployedByRender": false, "envUpdated": false, "firstBuild": false, "manual": true, "rollback": false, "user": {"email": "veronika.karpyza@gmail.com", "id": "usr-d2j44jqli9vc73eun7h0"}}}}
{"timestamp": "2025-08-21T13:46:09.687615Z", "type": "deploy_started", "details": {"deployId": "dep-d2ji67vdiees73c96bdg", "trigger": {"clearCache": true, "deployedByRender": false, "envUpdated": false, "firstBuild": false, "manual": true, "rollback": false, "user": {"email": "veronika.karpyza@gmail.com", "id": "usr-d2j44jqli9vc73eun7h0"}}}}
{"timestamp": "2025-08-21T13:46:33.075515Z", "type": "build_ended", "details": {"buildId": "bld-d2ji67vdiees73c96be0", "buildStatus": "succeeded", "reason": {}, "status": 2}}
{"timestamp": "2025-08-21T13:46:41.888144Z", "type": "deploy_ended", "details": {"deployId": "dep-d2ji67vdiees73c96bdg", "deployStatus": "succeeded", "reason": {}, "status": 2}}
{"timestamp": "2025-08-21T13:53:34.068503Z", "type": "build_started", "details": {"buildId": "bld-d2ji9n3uibrs73dlu5n0", "trigger": {"clearCache": true, "deployedByRender": false, "envUpdated": false, "firstBuild": false, "manual": true, "rollback": false, "user": {"email": "veronika.karpyza@gmail.com", "id": "usr-d2j44jqli9vc73eun7h0"}}}}
{"timestamp": "2025-08-21T13:53:34.390285Z", "type": "deploy_started", "details": {"deployId": "dep-d2ji9n3uibrs73dlu5mg", "trigger": {"clearCache": true, "deployedByRender": false, "envUpdated": false, "firstBuild": false, "manual": true, "rollback": false, "user": {"email": "veronika.karpyza@gmail.com", "id": "usr-d2j44jqli9vc73eun7h0"}}}}
{"timestamp": "2025-08-21T13:53:58.484168Z", "type": "build_ended", "details": {"buildId": "bld-d2ji9n3uibrs73dlu5n0", "buildStatus": "succeeded", "reason": {}, "status": 2}}
{"timestamp": "2025-08-21T13:54:09.05658Z", "type": "deploy_ended", "details": {"deployId": "dep-d2ji9n3uibrs73dlu5mg", "deployStatus": "succeeded", "reason": {}, "status": 2}}
{"timestamp": "2025-08-21T22:41:00.677722Z", "type": "build_started", "details": {"buildId": "bld-d2jq0uumcj7s739h4140", "trigger": {"clearCache": false, "deployedByRender": false, "envUpdated": false, "firstBuild": false, "manual": false, "rollback": false}}}
{"timestamp": "2025-08-21T22:41:00.844498Z", "type": "deploy_started", "details": {"deployId": "dep-d2jq0uumcj7s739h413g", "trigger": {"clearCache": false, "deployedByRender": false, "envUpdated": false, "firstBuild": false, "manual": false, "rollback": false}}}
{"timestamp": "2025-08-21T22:41:28.183011Z", "type": "build_ended", "details": {"buildId": "bld-d2jq0uumcj7s739h4140", "buildStatus": "succeeded", "reason": {}, "status": 2}}
{"timestamp": "2025-08-21T22:41:36.633775Z", "type": "deploy_ended", "details": {"deployId": "dep-d2jq0uumcj7s739h413g", "deployStatus": "succeeded", "reason": {}, "status": 2}}
{"timestamp": "2025-08-21T22:57:12.526572Z", "type": "build_started", "details": {"buildId": "bld-d2jq8hre5dus738egn0g", "trigger": {"clearCache": false, "deployedByRender": false, "envUpdated": false, "firstBuild": false, "manual": false, "rollback": false}}}
{"timestamp": "2025-08-21T22:57:12.662279Z", "type": "deploy_started", "details": {"deployId": "dep-d2jq8hre5dus738egn00", "trigger": {"clearCache": false, "deployedByRender": false, "envUpdated": false, "firstBuild": false, "manual": false, "rollback": false}}}
{"timestamp": "2025-08-21T22:58:07.356381Z", "type": "build_ended", "details": {"buildId": "bld-d2jq8hre5dus738egn0g", "buildStatus": "succeeded", "reason": {}, "status": 2}}
{"timestamp": "2025-08-21T22:58:16.368244Z", "type": "deploy_ended", "details": {"deployId": "dep-d2jq8hre5dus738egn00", "deployStatus": "succeeded", "reason": {}, "status": 2}}
{"timestamp": "2025-08-21T22:58:17.336841Z", "type": "build_started", "details": {"buildId": "bld-d2jq8vd1krjc73cni74g", "trigger": {"clearCache": false, "deployedByRender": false, "envUpdated": false, "firstBuild": false, "manual": false, "rollback": false}}}
{"timestamp": "2025-08-21T22:58:17.496367Z", "type": "deploy_started", "details": {"deployId": "dep-d2jq8v9u749s73a3antg", "trigger": {"clearCache": false, "deployedByRender": false, "envUpdated": false, "firstBuild": false, "manual": false, "rollback": false}}}
{"timestamp": "2025-08-21T22:58:49.364553Z", "type": "build_ended", "details": {"buildId": "bld-d2jq8vd1krjc73cni74g", "buildStatus": "succeeded", "reason": {}, "status": 2}}
{"timestamp": "2025-08-21T12:51:46.584784Z", "type": "deploy_ended", "details": {"deployId": "dep-d2jhcgggjchc73d03t30", "deployStatus": "succeeded", "reason": {}, "status": 2}}
{"timestamp": "2025-08-21T12:53:26.646444Z", "type": "build_started", "details": {"buildId": "bld-d2jhdh0gjchc73d05bkg", "trigger": {"clearCache": true, "deployedByRender": false, "envUpdated": false, "firstBuild": false, "manual": true, "rollback": false, "user": {"email": "veronika.karpyza@gmail.com", "id": "usr-d2j44jqli9vc73eun7h0"}}}}
{"timestamp": "2025-08-21T12:53:26.79994Z", "type": "deploy_started", "details": {"deployId": "dep-d2jhdh0gjchc73d05bd0", "trigger": {"clearCache": true, "deployedByRender": false, "envUpdated": false, "firstBuild": false, "manual": true, "rollback": false, "user": {"email": "veronika.karpyza@gmail.com", "id": "usr-d2j44jqli9vc73eun7h0"}}}}
{"timestamp": "2025-08-21T12:53:48.373364Z", "type": "build_ended", "details": {"buildId": "bld-d2jhdh0gjchc73d05bkg", "buildStatus": "succeeded", "reason": {}, "status": 2}}
{"timestamp": "2025-08-21T12:53:57.20164Z", "type": "deploy_ended", "details": {"deployId": "dep-d2jhdh0gjchc73d05bd0", "deployStatus": "succeeded", "reason": {}, "status": 2}}
{"timestamp": "2025-08-21T12:55:28.89945Z", "type": "server_restarted", "details": {"triggeredByUser": "usr-d2j44jqli9vc73eun7h0"}}
{"timestamp": "2025-08-21T12:55:39.427113Z", "type": "build_started", "details": {"buildId": "bld-d2jheifdiees73c89icg", "trigger": {"clearCache": true, "deployedByRender": false, "envUpdated": false, "firstBuild": false, "manual": true, "rollback": false, "user": {"email": "veronika.karpyza@gmail.com", "id": "usr-d2j44jqli9vc73eun7h0"}}}}
{"timestamp": "2025-08-21T12:55:39.758654Z", "type": "deploy_started", "details": {"deployId": "dep-d2jheifdiees73c89ic0", "trigger": {"clearCache": true, "deployedByRender": false, "envUpdated": false, "firstBuild": false, "manual": true, "rollback": false, "user": {"email": "veronika.karpyza@gmail.com", "id": "usr-d2j44jqli9vc73eun7h0"}}}}
{"timestamp": "2025-08-21T12:56:03.19775Z", "type": "build_ended", "details": {"buildId": "bld-d2jheifdiees73c89icg", "buildStatus": "succeeded", "reason": {}, "status": 2}}
{"timestamp": "2025-08-21T12:56:14.260896Z", "type": "deploy_ended", "details": {"deployId": "dep-d2jheifdiees73c89ic0", "deployStatus": "succeeded", "reason": {}, "status": 2}}
{"timestamp": "2025-08-21T13:00:10.18816Z", "type": "build_started", "details": {"buildId": "bld-d2jhgmbuibrs73dl1dp0", "trigger": {"clearCache": true, "deployedByRender": false, "envUpdated": false, "firstBuild": false, "manual": true, "rollback": false, "user": {"email": "veronika.karpyza@gmail.com", "id": "usr-d2j44jqli9vc73eun7h0"}}}}
{"timestamp": "2025-08-21T13:00:10.656002Z", "type": "deploy_started", "details": {"deployId": "dep-d2jhgmbuibrs73dl1dog", "trigger": {"clearCache": true, "deployedByRender": false, "envUpdated": false, "firstBuild": false, "manual": true, "rollback": false, "user": {"email": "veronika.karpyza@gmail.com", "id": "usr-d2j44jqli9vc73eun7h0"}}}}
{"timestamp": "2025-08-21T13:01:05.833125Z", "type": "build_ended", "details": {"buildId": "bld-d2jhgmbuibrs73dl1dp0", "buildStatus": "succeeded", "reason": {}, "status": 2}}
{"timestamp": "2025-08-21T13:01:14.613787Z", "type": "deploy_ended", "details": {"deployId": "dep-d2jhgmbuibrs73dl1dog", "deployStatus": "succeeded", "reason": {}, "status": 2}}
{"timestamp": "2025-08-21T13:09:33.505332Z", "type": "server_restarted", "details": {"triggeredByUser": "usr-d2j44jqli9vc73eun7h0"}}
{"timestamp": "2025-08-21T13:09:53.306938Z", "type": "build_started", "details": {"buildId": "bld-d2jhl80gjchc73d0f820", "trigger": {"clearCache": true, "deployedByRender": false, "envUpdated": false, "firstBuild": false, "manual": true, "rollback": false, "user": {"email": "veronika.karpyza@gmail.com", "id": "usr-d2j44jqli9vc73eun7h0"}}}}
{"timestamp": "2025-08-21T13:09:53.430896Z", "type": "deploy_started", "details": {"deployId": "dep-d2jhl80gjchc73d0f81g", "trigger": {"clearCache": true, "deployedByRender": false, "envUpdated": false, "firstBuild": false, "manual": true, "rollback": false, "user": {"email": "veronika.karpyza@gmail.com", "id": "usr-d2j44jqli9vc73eun7h0"}}}}
{"timestamp": "2025-08-21T13:10:25.420773Z", "type": "build_ended", "details": {"buildId": "bld-d2jhl80gjchc73d0f820", "buildStatus": "succeeded", "reason": {}, "status": 2}}
{"timestamp": "2025-08-21T13:10:33.737285Z", "type": "deploy_ended", "details": {"deployId": "dep-d2jhl80gjchc73d0f81g", "deployStatus": "succeeded", "reason": {}, "status": 2}}
{"timestamp": "2025-08-21T13:16:18.691133Z", "type": "build_started", "details": {"buildId": "bld-d2jho8f5r7bs73etaggg", "trigger": {"clearCache": true, "deployedByRender": false, "envUpdated": false, "firstBuild": false, "manual": true, "rollback": false, "user": {"email": "veronika.karpyza@gmail.com", "id": "usr-d2j44jqli9vc73eun7h0"}}}}
{"timestamp": "2025-08-21T13:16:18.885604Z", "type": "deploy_started", "details": {"deployId": "dep-d2jho8f5r7bs73etagg0", "trigger": {"clearCache": true, "deployedByRender": false, "envUpdated": false, "firstBuild": false, "manual": true, "rollback": false, "user": {"email": "veronika.karpyza@gmail.com", "id": "usr-d2j44jqli9vc73eun7h0"}}}}
{"timestamp": "2025-08-21T13:16:42.164869Z", "type": "build_ended", "details": {"buildId": "bld-d2jho8f5r7bs73etaggg", "buildStatus": "succeeded", "reason": {}, "status": 2}}
{"timestamp": "2025-08-21T13:16:52.4292Z", "type": "deploy_ended", "details": {"deployId": "dep-d2jho8f5r7bs73etagg0", "deployStatus": "succeeded", "reason": {}, "status": 2}}
{"timestamp": "2025-08-21T13:19:01.021902Z", "type": "build_started", "details": {"buildId": "bld-d2jhpgruibrs73dlb61g", "trigger": {"clearCache": true, "deployedByRender": false, "envUpdated": false, "firstBuild": false, "manual": true, "rollback": false, "user": {"email": "veronika.karpyza@gmail.com", "id": "usr-d2j44jqli9vc73eun7h0"}}}}
{"timestamp": "2025-08-21T13:19:01.295026Z", "type": "deploy_started", "details": {"deployId": "dep-d2jhpgruibrs73dlb610", "trigger": {"clearCache": true, "deployedByRender": false, "envUpdated": false, "firstBuild": false, "manual": true, "rollback": false, "user": {"email": "veronika.karpyza@gmail.com", "id": "usr-d2j44jqli9vc73eun7h0"}}}}
{"timestamp": "2025-08-21T13:19:23.376342Z", "type": "build_ended", "details": {"buildId": "bld-d2jhpgruibrs73dlb61g", "buildStatus": "succeeded", "reason": {}, "status": 2}}
{"timestamp": "2025-08-21T13:19:33.033317Z", "type": "deploy_ended", "details": {"deployId": "dep-d2jhpgruibrs73dlb610", "deployStatus": "succeeded", "reason": {}, "status": 2}}
{"timestamp": "2025-08-21T13:28:51.248429Z", "type": "build_started", "details": {"buildId": "bld-d2jhu4ggjchc73d0q4l0", "trigger": {"clearCache": true, "deployedByRender": false, "envUpdated": false, "firstBuild": false, "manual": true, "rollback": false, "user": {"email": "veronika.karpyza@gmail.com", "id": "usr-d2j44jqli9vc73eun7h0"}}}}
{"timestamp": "2025-08-21T13:28:51.901924Z", "type": "deploy_started", "details": {"deployId": "dep-d2jhu4ggjchc73d0q4kg", "trigger": {"clearCache": true, "deployedByRender": false, "envUpdated": false, "firstBuild": false, "manual": true, "rollback": false, "user": {"email": "veronika.karpyza@gmail.com", "id": "usr-d2j44jqli9vc73eun7h0"}}}}
{"timestamp": "2025-08-21T13:31:07.499818Z", "type": "build_ended", "details": {"buildId": "bld-d2jhu4ggjchc73d0q4l0", "buildStatus": "succeeded", "reason": {}, "status": 2}}
{"timestamp": "2025-08-21T13:31:17.139533Z", "type": "deploy_ended", "details": {"deployId": "dep-d2jhu4ggjchc73d0q4kg", "deployStatus": "succeeded", "reason": {}, "status": 2}}
{"timestamp": "2025-08-21T13:46:03.210024Z", "type": "server_restarted", "details": {"triggeredByUser": "usr-d2j44jqli9vc73eun7h0"}}
{"timestamp": "2025-08-21T13:46:09.550754Z", "type": "build_started", "details": {"buildId": "bld-d2ji67vdiees73c96be0", "trigger": {"clearCache": true, "deployedByRender": false, "envUpdated": false, "firstBuild": false, "manual": true, "rollback": false, "user": {"email": "veronika.karpyza@gmail.com", "id": "usr-d2j44jqli9vc73eun7h0"}}}}
{"timestamp": "2025-08-21T13:46:09.687615Z", "type": "deploy_started", "details": {"deployId": "dep-d2ji67vdiees73c96bdg", "trigger": {"clearCache": true, "deployedByRender": false, "envUpdated": false, "firstBuild": false, "manual": true, "rollback": false, "user": {"email": "veronika.karpyza@gmail.com", "id": "usr-d2j44jqli9vc73eun7h0"}}}}
{"timestamp": "2025-08-21T13:46:33.075515Z", "type": "build_ended", "details": {"buildId": "bld-d2ji67vdiees73c96be0", "buildStatus": "succeeded", "reason": {}, "status": 2}}
{"timestamp": "2025-08-21T13:46:41.888144Z", "type": "deploy_ended", "details": {"deployId": "dep-d2ji67vdiees73c96bdg", "deployStatus": "succeeded", "reason": {}, "status": 2}}
{"timestamp": "2025-08-21T13:53:34.068503Z", "type": "build_started", "details": {"buildId": "bld-d2ji9n3uibrs73dlu5n0", "trigger": {"clearCache": true, "deployedByRender": false, "envUpdated": false, "firstBuild": false, "manual": true, "rollback": false, "user": {"email": "veronika.karpyza@gmail.com", "id": "usr-d2j44jqli9vc73eun7h0"}}}}
{"timestamp": "2025-08-21T13:53:34.390285Z", "type": "deploy_started", "details": {"deployId": "dep-d2ji9n3uibrs73dlu5mg", "trigger": {"clearCache": true, "deployedByRender": false, "envUpdated": false, "firstBuild": false, "manual": true, "rollback": false, "user": {"email": "veronika.karpyza@gmail.com", "id": "usr-d2j44jqli9vc73eun7h0"}}}}
{"timestamp": "2025-08-21T13:53:58.484168Z", "type": "build_ended", "details": {"buildId": "bld-d2ji9n3uibrs73dlu5n0", "buildStatus": "succeeded", "reason": {}, "status": 2}}
{"timestamp": "2025-08-21T13:54:09.05658Z", "type": "deploy_ended", "details": {"deployId": "dep-d2ji9n3uibrs73dlu5mg", "deployStatus": "succeeded", "reason": {}, "status": 2}}
{"timestamp": "2025-08-21T22:41:00.677722Z", "type": "build_started", "details": {"buildId": "bld-d2jq0uumcj7s739h4140", "trigger": {"clearCache": false, "deployedByRender": false, "envUpdated": false, "firstBuild": false, "manual": false, "rollback": false}}}
{"timestamp": "2025-08-21T22:41:00.844498Z", "type": "deploy_started", "details": {"deployId": "dep-d2jq0uumcj7s739h413g", "trigger": {"clearCache": false, "deployedByRender": false, "envUpdated": false, "firstBuild": false, "manual": false, "rollback": false}}}
{"timestamp": "2025-08-21T22:41:28.183011Z", "type": "build_ended", "details": {"buildId": "bld-d2jq0uumcj7s739h4140", "buildStatus": "succeeded", "reason": {}, "status": 2}}
{"timestamp": "2025-08-21T22:41:36.633775Z", "type": "deploy_ended", "details": {"deployId": "dep-d2jq0uumcj7s739h413g", "deployStatus": "succeeded", "reason": {}, "status": 2}}
{"timestamp": "2025-08-21T22:57:12.526572Z", "type": "build_started", "details": {"buildId": "bld-d2jq8hre5dus738egn0g", "trigger": {"clearCache": false, "deployedByRender": false, "envUpdated": false, "firstBuild": false, "manual": false, "rollback": false}}}
{"timestamp": "2025-08-21T22:57:12.662279Z", "type": "deploy_started", "details": {"deployId": "dep-d2jq8hre5dus738egn00", "trigger": {"clearCache": false, "deployedByRender": false, "envUpdated": false, "firstBuild": false, "manual": false, "rollback": false}}}
{"timestamp": "2025-08-21T22:58:07.356381Z", "type": "build_ended", "details": {"buildId": "bld-d2jq8hre5dus738egn0g", "buildStatus": "succeeded", "reason": {}, "status": 2}}
{"timestamp": "2025-08-21T22:58:16.368244Z", "type": "deploy_ended", "details": {"deployId": "dep-d2jq8hre5dus738egn00", "deployStatus": "succeeded", "reason": {}, "status": 2}}
{"timestamp": "2025-08-21T22:58:17.336841Z", "type": "build_started", "details": {"buildId": "bld-d2jq8vd1krjc73cni74g", "trigger": {"clearCache": false, "deployedByRender": false, "envUpdated": false, "firstBuild": false, "manual": false, "rollback": false}}}
{"timestamp": "2025-08-21T22:58:17.496367Z", "type": "deploy_started", "details": {"deployId": "dep-d2jq8v9u749s73a3antg", "trigger": {"clearCache": false, "deployedByRender": false, "envUpdated": false, "firstBuild": false, "manual": false, "rollback": false}}}
