2025-08-25 12:27:10,801 - root - INFO - 🚀 Запуск системы в фоновом режиме...
2025-08-25 12:27:10,962 - root - INFO - ✅ Все модули импортированы
2025-08-25 12:27:10,962 - root - INFO - 🔧 Инициализация компонентов...
2025-08-25 12:27:10,970 - root - INFO - ✅ ProblemAnalyzer инициализирован
2025-08-25 12:27:10,970 - root - INFO - ✅ GoogleSheetsManager инициализирован
2025-08-25 12:27:10,970 - root - INFO - ✅ SlackIntegration инициализирован
2025-08-25 12:27:10,970 - root - INFO - ✅ ClickUpIntegration инициализирован
2025-08-25 12:27:10,970 - root - INFO - ✅ TelegramBot инициализирован
2025-08-25 12:27:10,971 - root - INFO - Запуск компонента: Slack
2025-08-25 12:27:10,971 - root - INFO - Запуск компонента: ClickUp
2025-08-25 12:27:10,971 - root - INFO - Запуск компонента: Telegram
2025-08-25 12:27:10,971 - root - INFO - ✅ Все компоненты запущены в фоновом режиме
2025-08-25 12:32:10,972 - root - INFO - 📊 Обновление дашборда...
2025-08-25 12:32:10,972 - root - INFO - ✅ Дашборд обновлен
2025-08-25 12:37:10,972 - root - INFO - 📊 Обновление дашборда...
2025-08-25 12:37:10,973 - root - INFO - ✅ Дашборд обновлен
2025-08-25 12:42:10,973 - root - INFO - 📊 Обновление дашборда...
2025-08-25 12:42:10,973 - root - INFO - ✅ Дашборд обновлен
2025-08-25 12:46:32,755 - root - INFO - Получен сигнал 15, начинаем остановку...
2025-08-25 12:46:40,491 - root - INFO - Получен сигнал 15, начинаем остановку...
2025-08-25 12:47:10,973 - root - INFO - 🛑 Получен сигнал остановки, ожидаем завершения потоков...
2025-08-25 12:47:10,973 - root - INFO - ✅ Система остановлена
2025-08-25 12:48:19,857 - root - INFO - 🚀 Запуск системы в фоновом режиме...
2025-08-25 12:48:20,022 - root - INFO - ✅ Все модули импортированы
2025-08-25 12:48:20,022 - root - INFO - 🔧 Инициализация компонентов...
2025-08-25 12:48:20,023 - root - INFO - ✅ ProblemAnalyzer инициализирован
2025-08-25 12:48:20,023 - root - INFO - ✅ GoogleSheetsManager инициализирован
2025-08-25 12:48:20,023 - root - INFO - ✅ SlackIntegration инициализирован
2025-08-25 12:48:20,023 - root - INFO - ✅ ClickUpIntegration инициализирован
2025-08-25 12:48:20,023 - root - INFO - ✅ TelegramBot инициализирован
2025-08-25 12:48:20,023 - root - INFO - Запуск компонента: Slack
2025-08-25 12:48:20,023 - root - INFO - Запуск компонента: ClickUp
2025-08-25 12:48:20,024 - root - INFO - Запуск компонента: Telegram
2025-08-25 12:48:20,024 - root - INFO - ✅ Все компоненты запущены в фоновом режиме
2025-08-25 12:53:20,024 - root - INFO - 📊 Обновление дашборда...
2025-08-25 12:53:20,024 - root - INFO - ✅ Дашборд обновлен
